<?xml version="1.0" encoding="UTF-8"?>
<!-- Generated by org.testng.reporters.JUnitReportReporter -->
<testsuite hostname="BoldrZALap0228.local" failures="0" tests="1" name="test.flightsTest" time="4.159" errors="0" timestamp="2023-02-03T15:20:42 SAST" skipped="0">
  <testcase classname="test.flightsTest" name="searchFlights" time="4.159"/>
  <system-out/>
</testsuite> <!-- test.flightsTest -->
